[33m❯[39m Building...
[32m✔[39m Building...
[1mInitial chunk files[22m[2m | [22m[1mNames[22m                 [2m | [22m [1mRaw size[22m[2m | [22m[1mEstimated transfer size[22m
[32mstyles-PS2VSSBN.css[39m[2m | [22m[2mstyles[22m                [2m | [22m[36m288.41 kB[39m[2m | [22m               [36m25.85 kB[39m
[32mchunk-Y75CG2ED.js[39m  [2m | [22m[2m-[22m                     [2m | [22m[36m157.72 kB[39m[2m | [22m               [36m46.51 kB[39m
[32mchunk-P3ZEAVLQ.js[39m  [2m | [22m[2m-[22m                     [2m | [22m[36m115.48 kB[39m[2m | [22m               [36m24.52 kB[39m
[32mchunk-C27VS3WH.js[39m  [2m | [22m[2m-[22m                     [2m | [22m [36m93.48 kB[39m[2m | [22m               [36m23.52 kB[39m
[32mmain-EB7SUFM2.js[39m   [2m | [22m[2mmain[22m                  [2m | [22m [36m76.80 kB[39m[2m | [22m               [36m14.52 kB[39m
[32mchunk-47SQBRV2.js[39m  [2m | [22m[2m-[22m                     [2m | [22m [36m44.81 kB[39m[2m | [22m                [36m9.28 kB[39m
[32mchunk-GCS7ICSU.js[39m  [2m | [22m[2m-[22m                     [2m | [22m  [36m4.41 kB[39m[2m | [22m              [36m991 bytes[39m

[1m [22m                  [2m | [22m[1mInitial total[22m         [2m | [22m[1m[93m781.12 kB[39m[22m[2m | [22m              [1m145.20 kB[22m

[1mLazy chunk files[22m   [2m | [22m[1mNames[22m                 [2m | [22m [1mRaw size[22m[2m | [22m[1mEstimated transfer size[22m
[32mchunk-IHB2CLFC.js[39m  [2m | [22m[2mbrowser[22m               [2m | [22m [36m67.77 kB[39m[2m | [22m               [36m17.79 kB[39m
[32mchunk-6SQ2YMQJ.js[39m  [2m | [22m[2m-[22m                     [2m | [22m [36m67.33 kB[39m[2m | [22m               [36m11.86 kB[39m
[32mchunk-SQPQ54GL.js[39m  [2m | [22m[2m-[22m                     [2m | [22m [36m66.03 kB[39m[2m | [22m               [36m15.23 kB[39m
[32mchunk-5IMNQILE.js[39m  [2m | [22m[2musers[22m                 [2m | [22m [36m41.90 kB[39m[2m | [22m                [36m9.26 kB[39m
[32mchunk-YSBLHPZL.js[39m  [2m | [22m[2mcollege[22m               [2m | [22m [36m40.75 kB[39m[2m | [22m               [36m10.34 kB[39m
[32mchunk-YX25RA4Z.js[39m  [2m | [22m[2m-[22m                     [2m | [22m  [36m7.14 kB[39m[2m | [22m                [36m1.54 kB[39m
[32mchunk-5TORPIPR.js[39m  [2m | [22m[2mcollege-list-component[22m[2m | [22m  [36m2.58 kB[39m[2m | [22m                [36m1.15 kB[39m

Application bundle generation failed. [11.331 seconds] - 2025-12-03T06:04:21.859Z

[1m[33m[33m▲ [43;33m[[43;30mWARNING[43;33m][0m [1mDeprecation[0m [1m[35m[plugin angular-sass][0m

    src/styles.scss:158:8:
[37m      158 │ @import [32m[37m"./app/utilities";
          ╵         [32m^[0m


  Sass @import rules are deprecated and will be removed in Dart Sass 3.0.0.
  
  More info and automated migrator: [4mhttps://sass-lang.com/d/import[0m

  The plugin "angular-sass" was triggered by this import

    angular:styles/global:styles:1:8:
[37m      1 │ @import [32m'src/styles.scss'[37m;
        ╵         [32m~~~~~~~~~~~~~~~~~[0m


[33m▲ [43;33m[[43;30mWARNING[43;33m][0m [1mDeprecation[0m [1m[35m[plugin angular-sass][0m

    src/styles.scss:161:8:
[37m      161 │ @import [32m[37m"./app/ui-kit";
          ╵         [32m^[0m


  Sass @import rules are deprecated and will be removed in Dart Sass 3.0.0.
  
  More info and automated migrator: [4mhttps://sass-lang.com/d/import[0m

  The plugin "angular-sass" was triggered by this import

    angular:styles/global:styles:1:8:
[37m      1 │ @import [32m'src/styles.scss'[37m;
        ╵         [32m~~~~~~~~~~~~~~~~~[0m


[33m▲ [43;33m[[43;30mWARNING[43;33m][0m [1mDeprecation[0m [1m[35m[plugin angular-sass][0m

    src/styles.scss:164:8:
[37m      164 │ @import [32m[37m"./app/form";
          ╵         [32m^[0m


  Sass @import rules are deprecated and will be removed in Dart Sass 3.0.0.
  
  More info and automated migrator: [4mhttps://sass-lang.com/d/import[0m

  The plugin "angular-sass" was triggered by this import

    angular:styles/global:styles:1:8:
[37m      1 │ @import [32m'src/styles.scss'[37m;
        ╵         [32m~~~~~~~~~~~~~~~~~[0m


[33m▲ [43;33m[[43;30mWARNING[43;33m][0m [1mDeprecation[0m [1m[35m[plugin angular-sass][0m

    src/styles.scss:493:8:
[37m      493 │ @import [32m[37m"./app/sidebar";
          ╵         [32m^[0m


  Sass @import rules are deprecated and will be removed in Dart Sass 3.0.0.
  
  More info and automated migrator: [4mhttps://sass-lang.com/d/import[0m

  The plugin "angular-sass" was triggered by this import

    angular:styles/global:styles:1:8:
[37m      1 │ @import [32m'src/styles.scss'[37m;
        ╵         [32m~~~~~~~~~~~~~~~~~[0m


[33m▲ [43;33m[[43;30mWARNING[43;33m][0m [1mbundle initial exceeded maximum budget. Budget 500.00 kB was not met by 281.12 kB with a total of 781.12 kB.[0m


[33m▲ [43;33m[[43;30mWARNING[43;33m][0m [1msrc/app/dashboard/saas-app/sa-all-projects/sa-all-projects.component.scss exceeded maximum budget. Budget 4.00 kB was not met by 253 bytes with a total of 4.25 kB.[0m


[33m▲ [43;33m[[43;30mWARNING[43;33m][0m [1msrc/app/dashboard/project-management/pm-all-projects/pm-all-projects.component.scss exceeded maximum budget. Budget 4.00 kB was not met by 634 bytes with a total of 4.63 kB.[0m


[33m▲ [43;33m[[43;30mWARNING[43;33m][0m [1msrc/app/dashboard/crypto/order-activities/order-activities.component.scss exceeded maximum budget. Budget 4.00 kB was not met by 4.40 kB with a total of 8.40 kB.[0m


[33m▲ [43;33m[[43;30mWARNING[43;33m][0m [1msrc/app/dashboard/ecommerce/best-selling-products/best-selling-products.component.scss exceeded maximum budget. Budget 4.00 kB was not met by 1.95 kB with a total of 5.95 kB.[0m


[33m▲ [43;33m[[43;30mWARNING[43;33m][0m [1msrc/app/dashboard/crypto/my-currencies/my-currencies.component.scss exceeded maximum budget. Budget 4.00 kB was not met by 3.06 kB with a total of 7.06 kB.[0m


[33m▲ [43;33m[[43;30mWARNING[43;33m][0m [1msrc/app/dashboard/lms-courses/lms-messages/lms-messages.component.scss exceeded maximum budget. Budget 4.00 kB was not met by 787 bytes with a total of 4.79 kB.[0m


[33m▲ [43;33m[[43;30mWARNING[43;33m][0m [1msrc/app/dashboard/project-management/pm-team-members/pm-team-members.component.scss exceeded maximum budget. Budget 4.00 kB was not met by 471 bytes with a total of 4.47 kB.[0m


[33m▲ [43;33m[[43;30mWARNING[43;33m][0m [1msrc/app/dashboard/help-desk/agent-performance/agent-performance.component.scss exceeded maximum budget. Budget 4.00 kB was not met by 1.49 kB with a total of 5.49 kB.[0m


[33m▲ [43;33m[[43;30mWARNING[43;33m][0m [1msrc/app/dashboard/crypto/trading/trading.component.scss exceeded maximum budget. Budget 4.00 kB was not met by 123 bytes with a total of 4.12 kB.[0m


[33m▲ [43;33m[[43;30mWARNING[43;33m][0m [1msrc/app/common/header/header.component.scss exceeded maximum budget. Budget 4.00 kB was not met by 15.25 kB with a total of 19.25 kB.[0m

[39m[22m
[1m[31m[31mX [41;31m[[41;97mERROR[41;31m][0m [1msrc/app/dashboard/crypto/order-activities/order-activities.component.scss exceeded maximum budget. Budget 8.00 kB was not met by 396 bytes with a total of 8.40 kB.[0m


[31mX [41;31m[[41;97mERROR[41;31m][0m [1msrc/app/common/header/header.component.scss exceeded maximum budget. Budget 8.00 kB was not met by 11.25 kB with a total of 19.25 kB.[0m

[39m[22m
